mode: atomic
event_service/internal/apperror/errors.go:11.35,12.18 1 5
event_service/internal/apperror/errors.go:12.18,14.3 1 1
event_service/internal/apperror/errors.go:16.2,16.18 1 4
event_service/internal/apperror/errors.go:19.35,21.2 1 0
event_service/internal/apperror/errors.go:23.40,25.2 1 1
event_service/internal/apperror/errors.go:27.40,29.2 1 1
event_service/internal/apperror/errors.go:31.42,33.2 1 1
event_service/internal/apperror/errors.go:35.51,37.2 1 1
event_service/internal/apperror/errors.go:39.41,41.2 1 1
event_service/cmd/server/main.go:14.13,19.16 4 0
event_service/cmd/server/main.go:19.16,20.13 1 0
event_service/cmd/server/main.go:23.2,23.12 1 0
event_service/cmd/server/main.go:23.12,24.37 1 0
event_service/cmd/server/main.go:24.37,25.14 1 0
event_service/cmd/server/main.go:29.2,33.12 4 0
event_service/cmd/server/main.go:33.12,37.3 3 0
event_service/cmd/server/main.go:39.2,46.12 6 0
event_service/cmd/server/main.go:46.12,47.51 1 0
event_service/cmd/server/main.go:47.51,49.4 1 0
event_service/cmd/server/main.go:51.3,51.14 1 0
event_service/cmd/server/main.go:54.2,54.9 1 0
event_service/cmd/server/main.go:55.15,57.13 2 0
event_service/cmd/server/main.go:58.14,59.44 1 0
event_service/internal/infrastructure/logger/logger.go:14.49,16.16 2 2
event_service/internal/infrastructure/logger/logger.go:16.16,18.3 1 1
event_service/internal/infrastructure/logger/logger.go:20.2,48.23 5 1
event_service/internal/middleware/middleware.go:11.56,12.30 1 3
event_service/internal/middleware/middleware.go:12.30,32.20 8 2
event_service/internal/middleware/middleware.go:32.20,34.4 1 0
event_service/internal/middleware/middleware.go:34.9,34.27 1 2
event_service/internal/middleware/middleware.go:34.27,36.4 1 0
event_service/internal/middleware/middleware.go:36.9,38.4 1 2
event_service/internal/middleware/middleware.go:42.29,43.30 1 3
event_service/internal/middleware/middleware.go:43.30,50.45 6 3
event_service/internal/middleware/middleware.go:50.45,53.4 2 1
event_service/internal/middleware/middleware.go:55.3,55.11 1 2
event_service/internal/middleware/middleware.go:59.34,60.30 1 3
event_service/internal/middleware/middleware.go:60.30,62.22 2 2
event_service/internal/middleware/middleware.go:62.22,64.4 1 1
event_service/internal/middleware/middleware.go:66.3,68.11 3 2
event_service/internal/middleware/middleware.go:72.33,74.2 1 1
event_service/internal/middleware/middleware.go:76.33,79.19 3 1
event_service/internal/middleware/middleware.go:79.19,82.3 2 8
event_service/internal/middleware/middleware.go:84.2,84.18 1 1
event_service/internal/config/config.go:17.25,41.2 3 1
event_service/internal/models/base.go:17.48,18.22 1 2
event_service/internal/models/base.go:18.22,20.3 1 1
event_service/internal/models/base.go:22.2,22.12 1 2
event_service/internal/models/event.go:29.44,43.2 1 1
event_service/internal/infrastructure/database/postgresql.go:23.60,24.20 1 1
event_service/internal/infrastructure/database/postgresql.go:24.20,26.3 1 1
event_service/internal/infrastructure/database/postgresql.go:28.2,28.23 1 0
event_service/internal/infrastructure/database/postgresql.go:28.23,30.3 1 0
event_service/internal/infrastructure/database/postgresql.go:32.2,45.16 3 0
event_service/internal/infrastructure/database/postgresql.go:45.16,47.3 1 0
event_service/internal/infrastructure/database/postgresql.go:49.2,50.16 2 0
event_service/internal/infrastructure/database/postgresql.go:50.16,52.3 1 0
event_service/internal/infrastructure/database/postgresql.go:54.2,58.37 4 0
event_service/internal/infrastructure/database/postgresql.go:58.37,60.3 1 0
event_service/internal/infrastructure/database/postgresql.go:62.2,62.16 1 0
event_service/internal/application/app.go:28.46,30.16 2 2
event_service/internal/application/app.go:30.16,32.3 1 1
event_service/internal/application/app.go:34.2,37.16 3 1
event_service/internal/application/app.go:37.16,39.3 1 1
event_service/internal/application/app.go:41.2,60.8 11 0
event_service/internal/application/app.go:63.31,66.2 2 0
event_service/internal/application/app.go:68.53,71.49 2 0
event_service/internal/application/app.go:71.49,74.3 2 0
event_service/internal/application/app.go:76.2,80.12 4 0
event_service/internal/application/app.go:83.39,86.43 2 0
event_service/internal/application/app.go:86.43,89.3 2 0
event_service/internal/application/app.go:91.2,95.12 4 0
event_service/internal/application/app.go:98.27,99.25 1 0
event_service/internal/application/app.go:99.25,101.17 2 0
event_service/internal/application/app.go:101.17,103.4 1 0
event_service/internal/handler/event_handler.go:20.87,25.2 1 5
event_service/internal/handler/event_handler.go:27.60,29.2 2 5
event_service/internal/handler/event_handler.go:29.2,35.3 5 5
event_service/internal/handler/event_handler.go:38.52,40.47 2 2
event_service/internal/handler/event_handler.go:40.47,46.3 2 1
event_service/internal/handler/event_handler.go:48.2,49.16 2 1
event_service/internal/handler/event_handler.go:49.16,52.3 2 0
event_service/internal/handler/event_handler.go:54.2,57.4 1 1
event_service/internal/handler/event_handler.go:60.49,62.16 2 3
event_service/internal/handler/event_handler.go:62.16,68.3 2 1
event_service/internal/handler/event_handler.go:70.2,71.16 2 2
event_service/internal/handler/event_handler.go:71.16,74.3 2 1
event_service/internal/handler/event_handler.go:76.2,76.57 1 1
event_service/internal/handler/event_handler.go:79.51,81.50 2 1
event_service/internal/handler/event_handler.go:81.50,87.3 2 0
event_service/internal/handler/event_handler.go:89.2,90.16 2 1
event_service/internal/handler/event_handler.go:90.16,93.3 2 0
event_service/internal/handler/event_handler.go:95.2,101.4 1 1
event_service/internal/handler/event_handler.go:104.52,106.16 2 1
event_service/internal/handler/event_handler.go:106.16,112.3 2 0
event_service/internal/handler/event_handler.go:114.2,115.47 2 1
event_service/internal/handler/event_handler.go:115.47,121.3 2 0
event_service/internal/handler/event_handler.go:123.2,124.16 2 1
event_service/internal/handler/event_handler.go:124.16,127.3 2 0
event_service/internal/handler/event_handler.go:129.2,132.4 1 1
event_service/internal/handler/event_handler.go:135.52,137.16 2 2
event_service/internal/handler/event_handler.go:137.16,143.3 2 0
event_service/internal/handler/event_handler.go:145.2,145.55 1 2
event_service/internal/handler/event_handler.go:145.55,148.3 2 1
event_service/internal/handler/event_handler.go:150.2,152.4 1 1
event_service/internal/handler/event_handler.go:155.63,157.29 2 2
event_service/internal/handler/event_handler.go:157.29,163.3 2 1
event_service/internal/handler/event_handler.go:165.2,169.4 2 1
event_service/internal/server/server.go:28.50,36.41 4 2
event_service/internal/server/server.go:36.41,37.30 1 1
event_service/internal/server/server.go:37.30,40.4 2 0
event_service/internal/server/server.go:41.3,41.32 1 1
event_service/internal/server/server.go:44.2,53.53 5 2
event_service/internal/server/server.go:53.53,55.4 1 0
event_service/internal/server/server.go:58.2,58.10 1 2
event_service/internal/server/server.go:61.36,62.81 1 0
event_service/internal/server/server.go:62.81,64.3 1 0
event_service/internal/server/server.go:66.2,66.12 1 0
event_service/internal/server/server.go:69.58,73.47 3 1
event_service/internal/server/server.go:73.47,75.3 1 0
event_service/internal/server/server.go:77.2,77.12 1 1
event_service/internal/server/server.go:80.36,85.24 4 1
event_service/internal/server/server.go:85.24,87.3 1 1
event_service/internal/server/server.go:89.2,89.47 1 1
event_service/internal/server/server.go:89.47,91.3 1 0
event_service/internal/server/server.go:93.2,93.12 1 1
event_service/internal/server/server.go:96.43,98.2 1 2
event_service/internal/server/server.go:100.42,101.28 1 2
event_service/internal/server/server.go:101.28,103.3 1 2
event_service/internal/services/event_service.go:25.94,30.2 1 5
event_service/internal/services/event_service.go:32.92,36.16 3 2
event_service/internal/services/event_service.go:36.16,38.3 1 1
event_service/internal/services/event_service.go:40.2,40.27 1 1
event_service/internal/services/event_service.go:43.80,47.16 3 2
event_service/internal/services/event_service.go:47.16,49.3 1 1
event_service/internal/services/event_service.go:51.2,51.27 1 1
event_service/internal/services/event_service.go:54.103,63.16 3 2
event_service/internal/services/event_service.go:63.16,65.3 1 1
event_service/internal/services/event_service.go:67.2,68.31 2 1
event_service/internal/services/event_service.go:68.31,70.3 1 1
event_service/internal/services/event_service.go:72.2,74.42 2 1
event_service/internal/services/event_service.go:77.111,81.16 3 2
event_service/internal/services/event_service.go:81.16,83.3 1 1
event_service/internal/services/event_service.go:85.2,85.27 1 1
event_service/internal/services/event_service.go:88.61,91.2 2 2
event_service/internal/repository/event_repository.go:26.74,31.2 1 2
event_service/internal/repository/event_repository.go:33.85,45.49 2 1
event_service/internal/repository/event_repository.go:45.49,47.3 1 0
event_service/internal/repository/event_repository.go:49.2,49.19 1 1
event_service/internal/repository/event_repository.go:52.77,54.91 2 5
event_service/internal/repository/event_repository.go:54.91,55.36 1 3
event_service/internal/repository/event_repository.go:55.36,57.4 1 3
event_service/internal/repository/event_repository.go:59.3,59.63 1 0
event_service/internal/repository/event_repository.go:62.2,62.20 1 2
event_service/internal/repository/event_repository.go:65.90,70.22 4 1
event_service/internal/repository/event_repository.go:70.22,72.3 1 1
event_service/internal/repository/event_repository.go:74.2,74.24 1 1
event_service/internal/repository/event_repository.go:74.24,76.3 1 0
event_service/internal/repository/event_repository.go:78.2,78.46 1 1
event_service/internal/repository/event_repository.go:78.46,80.3 1 0
event_service/internal/repository/event_repository.go:82.2,87.35 2 1
event_service/internal/repository/event_repository.go:87.35,89.3 1 0
event_service/internal/repository/event_repository.go:91.2,91.27 1 1
event_service/internal/repository/event_repository.go:94.104,96.16 2 2
event_service/internal/repository/event_repository.go:96.16,98.3 1 1
event_service/internal/repository/event_repository.go:100.2,111.65 2 1
event_service/internal/repository/event_repository.go:111.65,113.3 1 0
event_service/internal/repository/event_repository.go:115.2,115.90 1 1
event_service/internal/repository/event_repository.go:115.90,117.3 1 0
event_service/internal/repository/event_repository.go:119.2,119.19 1 1
event_service/internal/repository/event_repository.go:122.59,124.25 2 2
event_service/internal/repository/event_repository.go:124.25,126.3 1 0
event_service/internal/repository/event_repository.go:128.2,128.30 1 2
event_service/internal/repository/event_repository.go:128.30,130.3 1 1
event_service/internal/repository/event_repository.go:132.2,132.12 1 1
