mode: atomic
event_service/internal/repository/event_repository.go:26.74,31.2 1 3
event_service/internal/repository/event_repository.go:33.85,45.49 2 2
event_service/internal/repository/event_repository.go:45.49,47.3 1 1
event_service/internal/repository/event_repository.go:49.2,49.19 1 1
event_service/internal/repository/event_repository.go:52.77,54.91 2 6
event_service/internal/repository/event_repository.go:54.91,55.36 1 4
event_service/internal/repository/event_repository.go:55.36,57.4 1 3
event_service/internal/repository/event_repository.go:59.3,59.63 1 1
event_service/internal/repository/event_repository.go:62.2,62.20 1 2
event_service/internal/repository/event_repository.go:65.90,70.22 4 2
event_service/internal/repository/event_repository.go:70.22,72.3 1 1
event_service/internal/repository/event_repository.go:74.2,74.24 1 2
event_service/internal/repository/event_repository.go:74.24,76.3 1 1
event_service/internal/repository/event_repository.go:78.2,78.46 1 2
event_service/internal/repository/event_repository.go:78.46,80.3 1 1
event_service/internal/repository/event_repository.go:82.2,87.35 2 1
event_service/internal/repository/event_repository.go:87.35,89.3 1 0
event_service/internal/repository/event_repository.go:91.2,91.27 1 1
event_service/internal/repository/event_repository.go:94.104,96.16 2 2
event_service/internal/repository/event_repository.go:96.16,98.3 1 1
event_service/internal/repository/event_repository.go:100.2,111.65 2 1
event_service/internal/repository/event_repository.go:111.65,113.3 1 0
event_service/internal/repository/event_repository.go:115.2,115.90 1 1
event_service/internal/repository/event_repository.go:115.90,117.3 1 0
event_service/internal/repository/event_repository.go:119.2,119.19 1 1
event_service/internal/repository/event_repository.go:122.59,124.25 2 3
event_service/internal/repository/event_repository.go:124.25,126.3 1 1
event_service/internal/repository/event_repository.go:128.2,128.30 1 2
event_service/internal/repository/event_repository.go:128.30,130.3 1 1
event_service/internal/repository/event_repository.go:132.2,132.12 1 1
