mode: atomic
event_service/internal/models/base.go:17.48,18.22 1 2
event_service/internal/models/base.go:18.22,20.3 1 1
event_service/internal/models/base.go:22.2,22.12 1 2
event_service/internal/models/event.go:29.44,43.2 1 1
event_service/internal/infrastructure/logger/logger.go:14.49,16.16 2 2
event_service/internal/infrastructure/logger/logger.go:16.16,18.3 1 1
event_service/internal/infrastructure/logger/logger.go:20.2,48.23 5 1
event_service/internal/services/event_service.go:25.94,30.2 1 5
event_service/internal/services/event_service.go:32.92,36.16 3 2
event_service/internal/services/event_service.go:36.16,38.3 1 1
event_service/internal/services/event_service.go:40.2,40.27 1 1
event_service/internal/services/event_service.go:43.80,47.16 3 2
event_service/internal/services/event_service.go:47.16,49.3 1 1
event_service/internal/services/event_service.go:51.2,51.27 1 1
event_service/internal/services/event_service.go:54.103,63.16 3 2
event_service/internal/services/event_service.go:63.16,65.3 1 1
event_service/internal/services/event_service.go:67.2,68.31 2 1
event_service/internal/services/event_service.go:68.31,70.3 1 1
event_service/internal/services/event_service.go:72.2,74.42 2 1
event_service/internal/services/event_service.go:77.111,81.16 3 2
event_service/internal/services/event_service.go:81.16,83.3 1 1
event_service/internal/services/event_service.go:85.2,85.27 1 1
event_service/internal/services/event_service.go:88.61,91.2 2 2
event_service/internal/middleware/middleware.go:11.56,12.30 1 3
event_service/internal/middleware/middleware.go:12.30,32.20 8 2
event_service/internal/middleware/middleware.go:32.20,34.4 1 0
event_service/internal/middleware/middleware.go:34.9,34.27 1 2
event_service/internal/middleware/middleware.go:34.27,36.4 1 0
event_service/internal/middleware/middleware.go:36.9,38.4 1 2
event_service/internal/middleware/middleware.go:42.29,43.30 1 3
event_service/internal/middleware/middleware.go:43.30,50.45 6 3
event_service/internal/middleware/middleware.go:50.45,53.4 2 1
event_service/internal/middleware/middleware.go:55.3,55.11 1 2
event_service/internal/middleware/middleware.go:59.34,60.30 1 3
event_service/internal/middleware/middleware.go:60.30,62.22 2 2
event_service/internal/middleware/middleware.go:62.22,64.4 1 1
event_service/internal/middleware/middleware.go:66.3,68.11 3 2
event_service/internal/middleware/middleware.go:72.33,74.2 1 1
event_service/internal/middleware/middleware.go:76.33,79.19 3 1
event_service/internal/middleware/middleware.go:79.19,82.3 2 8
event_service/internal/middleware/middleware.go:84.2,84.18 1 1
event_service/internal/config/config.go:17.25,41.2 3 1
event_service/internal/repository/event_repository.go:26.74,31.2 1 3
event_service/internal/repository/event_repository.go:33.85,45.49 2 2
event_service/internal/repository/event_repository.go:45.49,47.3 1 1
event_service/internal/repository/event_repository.go:49.2,49.19 1 1
event_service/internal/repository/event_repository.go:52.77,54.91 2 6
event_service/internal/repository/event_repository.go:54.91,55.36 1 4
event_service/internal/repository/event_repository.go:55.36,57.4 1 3
event_service/internal/repository/event_repository.go:59.3,59.63 1 1
event_service/internal/repository/event_repository.go:62.2,62.20 1 2
event_service/internal/repository/event_repository.go:65.90,70.22 4 2
event_service/internal/repository/event_repository.go:70.22,72.3 1 1
event_service/internal/repository/event_repository.go:74.2,74.24 1 2
event_service/internal/repository/event_repository.go:74.24,76.3 1 1
event_service/internal/repository/event_repository.go:78.2,78.46 1 2
event_service/internal/repository/event_repository.go:78.46,80.3 1 1
event_service/internal/repository/event_repository.go:82.2,87.35 2 1
event_service/internal/repository/event_repository.go:87.35,89.3 1 0
event_service/internal/repository/event_repository.go:91.2,91.27 1 1
event_service/internal/repository/event_repository.go:94.104,96.16 2 2
event_service/internal/repository/event_repository.go:96.16,98.3 1 1
event_service/internal/repository/event_repository.go:100.2,111.65 2 1
event_service/internal/repository/event_repository.go:111.65,113.3 1 0
event_service/internal/repository/event_repository.go:115.2,115.90 1 1
event_service/internal/repository/event_repository.go:115.90,117.3 1 0
event_service/internal/repository/event_repository.go:119.2,119.19 1 1
event_service/internal/repository/event_repository.go:122.59,124.25 2 3
event_service/internal/repository/event_repository.go:124.25,126.3 1 1
event_service/internal/repository/event_repository.go:128.2,128.30 1 2
event_service/internal/repository/event_repository.go:128.30,130.3 1 1
event_service/internal/repository/event_repository.go:132.2,132.12 1 1
event_service/internal/apperror/errors.go:11.35,12.18 1 5
event_service/internal/apperror/errors.go:12.18,14.3 1 1
event_service/internal/apperror/errors.go:16.2,16.18 1 4
event_service/internal/apperror/errors.go:19.35,21.2 1 1
event_service/internal/apperror/errors.go:23.40,25.2 1 1
event_service/internal/apperror/errors.go:27.40,29.2 1 1
event_service/internal/apperror/errors.go:31.42,33.2 1 1
event_service/internal/apperror/errors.go:35.51,37.2 1 2
event_service/internal/apperror/errors.go:39.41,41.2 1 1
event_service/internal/server/server.go:28.50,36.41 4 3
event_service/internal/server/server.go:36.41,37.30 1 2
event_service/internal/server/server.go:37.30,40.4 2 1
event_service/internal/server/server.go:41.3,41.32 1 1
event_service/internal/server/server.go:44.2,53.53 5 3
event_service/internal/server/server.go:53.53,55.4 1 0
event_service/internal/server/server.go:58.2,58.10 1 3
event_service/internal/server/server.go:61.36,62.81 1 1
event_service/internal/server/server.go:62.81,64.3 1 1
event_service/internal/server/server.go:66.2,66.12 1 0
event_service/internal/server/server.go:69.58,73.47 3 1
event_service/internal/server/server.go:73.47,75.3 1 0
event_service/internal/server/server.go:77.2,77.12 1 1
event_service/internal/server/server.go:80.36,85.24 4 1
event_service/internal/server/server.go:85.24,87.3 1 1
event_service/internal/server/server.go:89.2,89.47 1 1
event_service/internal/server/server.go:89.47,91.3 1 0
event_service/internal/server/server.go:93.2,93.12 1 1
event_service/internal/server/server.go:96.43,98.2 1 3
event_service/internal/server/server.go:100.42,101.28 1 2
event_service/internal/server/server.go:101.28,103.3 1 2
event_service/internal/infrastructure/database/postgresql.go:23.60,24.20 1 2
event_service/internal/infrastructure/database/postgresql.go:24.20,26.3 1 1
event_service/internal/infrastructure/database/postgresql.go:28.2,28.23 1 1
event_service/internal/infrastructure/database/postgresql.go:28.23,30.3 1 1
event_service/internal/infrastructure/database/postgresql.go:32.2,45.16 3 1
event_service/internal/infrastructure/database/postgresql.go:45.16,47.3 1 1
event_service/internal/infrastructure/database/postgresql.go:49.2,50.16 2 0
event_service/internal/infrastructure/database/postgresql.go:50.16,52.3 1 0
event_service/internal/infrastructure/database/postgresql.go:54.2,58.37 4 0
event_service/internal/infrastructure/database/postgresql.go:58.37,60.3 1 0
event_service/internal/infrastructure/database/postgresql.go:62.2,62.16 1 0
event_service/internal/handler/event_handler.go:20.87,25.2 1 10
event_service/internal/handler/event_handler.go:27.60,29.2 2 10
event_service/internal/handler/event_handler.go:29.2,35.3 5 10
event_service/internal/handler/event_handler.go:49.52,51.47 2 2
event_service/internal/handler/event_handler.go:51.47,57.3 2 1
event_service/internal/handler/event_handler.go:59.2,60.16 2 1
event_service/internal/handler/event_handler.go:60.16,63.3 2 0
event_service/internal/handler/event_handler.go:65.2,68.4 1 1
event_service/internal/handler/event_handler.go:82.49,84.16 2 3
event_service/internal/handler/event_handler.go:84.16,90.3 2 1
event_service/internal/handler/event_handler.go:92.2,93.16 2 2
event_service/internal/handler/event_handler.go:93.16,96.3 2 1
event_service/internal/handler/event_handler.go:98.2,98.57 1 1
event_service/internal/handler/event_handler.go:114.51,116.50 2 3
event_service/internal/handler/event_handler.go:116.50,122.3 2 1
event_service/internal/handler/event_handler.go:124.2,125.16 2 2
event_service/internal/handler/event_handler.go:125.16,128.3 2 1
event_service/internal/handler/event_handler.go:130.2,136.4 1 1
event_service/internal/handler/event_handler.go:152.52,154.16 2 4
event_service/internal/handler/event_handler.go:154.16,160.3 2 1
event_service/internal/handler/event_handler.go:162.2,163.47 2 3
event_service/internal/handler/event_handler.go:163.47,169.3 2 1
event_service/internal/handler/event_handler.go:171.2,172.16 2 2
event_service/internal/handler/event_handler.go:172.16,175.3 2 1
event_service/internal/handler/event_handler.go:177.2,180.4 1 1
event_service/internal/handler/event_handler.go:194.52,196.16 2 2
event_service/internal/handler/event_handler.go:196.16,202.3 2 0
event_service/internal/handler/event_handler.go:204.2,204.55 1 2
event_service/internal/handler/event_handler.go:204.55,207.3 2 1
event_service/internal/handler/event_handler.go:209.2,211.4 1 1
event_service/internal/handler/event_handler.go:214.63,216.29 2 4
event_service/internal/handler/event_handler.go:216.29,222.3 2 3
event_service/internal/handler/event_handler.go:224.2,228.4 2 1
event_service/internal/application/app.go:37.46,39.16 2 4
event_service/internal/application/app.go:39.16,41.3 1 1
event_service/internal/application/app.go:43.2,46.16 3 3
event_service/internal/application/app.go:46.16,48.3 1 2
event_service/internal/application/app.go:50.2,70.8 12 1
event_service/internal/application/app.go:73.31,76.2 2 1
event_service/internal/application/app.go:78.53,81.49 2 1
event_service/internal/application/app.go:81.49,84.3 2 0
event_service/internal/application/app.go:86.2,90.12 4 1
event_service/internal/application/app.go:93.39,96.43 2 1
event_service/internal/application/app.go:96.43,99.3 2 0
event_service/internal/application/app.go:101.2,105.12 4 1
event_service/internal/application/app.go:108.27,109.25 1 2
event_service/internal/application/app.go:109.25,111.17 2 1
event_service/internal/application/app.go:111.17,113.4 1 1
